<?xml version="1.0" encoding="UTF-8"?>
<!-- Generated by org.testng.reporters.JUnitXMLReporter -->
<testsuite ignored="0" hostname="LGDN14479" failures="0" tests="1" name="TestChrome" time="1.492" errors="0" timestamp="09 Mar 2018 07:02:40 GMT">
  <testcase classname="test_case.TC_JOOMLA_ARTICLE_001_Verify_user_can_create_new_article_with_valid_information" name="@BeforeMethod beforeMethod" time="1.446">
    <failure type="org.openqa.selenium.WebDriverException" message="unknown error: cannot parse capability: goog:chromeOptions
from unknown error: cannot parse binary
from unknown error: must be a string
  (Driver info: chromedriver=2.35.528161 (5b82f2d2aae0ca24b877009200ced9065a772e73),platform=Windows NT 6.1.7601 SP1 x86_64) (WARNING: The server did not provide any stacktrace information)
Command duration or timeout: 16 milliseconds
Build info: version: &amp;apos;3.8.0&amp;apos;, revision: &amp;apos;924c4067df&amp;apos;, time: &amp;apos;2017-11-30T11:37:19.049Z&amp;apos;
System info: host: &amp;apos;LGDN14479&amp;apos;, ip: &amp;apos;192.168.188.150&amp;apos;, os.name: &amp;apos;Windows 7&amp;apos;, os.arch: &amp;apos;amd64&amp;apos;, os.version: &amp;apos;6.1&amp;apos;, java.version: &amp;apos;9.0.1&amp;apos;
Driver info: driver.version: unknown
Command duration or timeout: 817 milliseconds">
      <![CDATA[org.openqa.selenium.WebDriverException: unknown error: cannot parse capability: goog:chromeOptionsfrom unknown error: cannot parse binaryfrom unknown error: must be a string  (Driver info: chromedriver=2.35.528161 (5b82f2d2aae0ca24b877009200ced9065a772e73),platform=Windows NT 6.1.7601 SP1 x86_64) (WARNING: The server did not provide any stacktrace information)Command duration or timeout: 16 millisecondsBuild info: version: '3.8.0', revision: '924c4067df', time: '2017-11-30T11:37:19.049Z'System info: host: 'LGDN14479', ip: '192.168.188.150', os.name: 'Windows 7', os.arch: 'amd64', os.version: '6.1', java.version: '9.0.1'Driver info: driver.version: unknownCommand duration or timeout: 817 millisecondsat org.openqa.selenium.remote.ErrorHandler.createThrowable(ErrorHandler.java:214)at org.openqa.selenium.remote.ErrorHandler.throwIfResponseFailed(ErrorHandler.java:166)at org.openqa.selenium.remote.JsonWireProtocolResponse.lambda$new$0(JsonWireProtocolResponse.java:53)at org.openqa.selenium.remote.JsonWireProtocolResponse.lambda$getResponseFunction$2(JsonWireProtocolResponse.java:91)at org.openqa.selenium.remote.ProtocolHandshake.lambda$createSession$0(ProtocolHandshake.java:123)at java.base/java.util.stream.ReferencePipeline$3$1.accept(ReferencePipeline.java:195)at java.base/java.util.Spliterators$ArraySpliterator.tryAdvance(Spliterators.java:958)at java.base/java.util.stream.ReferencePipeline.forEachWithCancel(ReferencePipeline.java:127)at java.base/java.util.stream.AbstractPipeline.copyIntoWithCancel(AbstractPipeline.java:502)at java.base/java.util.stream.AbstractPipeline.copyInto(AbstractPipeline.java:488)at java.base/java.util.stream.AbstractPipeline.wrapAndCopyInto(AbstractPipeline.java:474)at java.base/java.util.stream.FindOps$FindOp.evaluateSequential(FindOps.java:152)at java.base/java.util.stream.AbstractPipeline.evaluate(AbstractPipeline.java:234)at java.base/java.util.stream.ReferencePipeline.findFirst(ReferencePipeline.java:476)at org.openqa.selenium.remote.ProtocolHandshake.createSession(ProtocolHandshake.java:126)at org.openqa.selenium.remote.ProtocolHandshake.createSession(ProtocolHandshake.java:73)at org.openqa.selenium.remote.HttpCommandExecutor.execute(HttpCommandExecutor.java:142)at org.openqa.selenium.remote.RemoteWebDriver.execute(RemoteWebDriver.java:601)at org.openqa.selenium.remote.RemoteWebDriver.startSession(RemoteWebDriver.java:219)at org.openqa.selenium.remote.RemoteWebDriver.<init>(RemoteWebDriver.java:142)at org.openqa.selenium.remote.RemoteWebDriver.<init>(RemoteWebDriver.java:155)at common.Drivers.setUp(Drivers.java:79)at common.Configure.init(Configure.java:32)at test_case.TC_JOOMLA_ARTICLE_001_Verify_user_can_create_new_article_with_valid_information.beforeMethod(TC_JOOMLA_ARTICLE_001_Verify_user_can_create_new_article_with_valid_information.java:18)Caused by: org.openqa.selenium.WebDriverException: unknown error: cannot parse capability: goog:chromeOptionsfrom unknown error: cannot parse binaryfrom unknown error: must be a string  (Driver info: chromedriver=2.35.528161 (5b82f2d2aae0ca24b877009200ced9065a772e73),platform=Windows NT 6.1.7601 SP1 x86_64) (WARNING: The server did not provide any stacktrace information)Command duration or timeout: 16 millisecondsBuild info: version: '3.8.0', revision: '924c4067df', time: '2017-11-30T11:37:19.049Z'System info: host: 'LGDN14479', ip: '192.168.188.150', os.name: 'Windows 7', os.arch: 'amd64', os.version: '6.1', java.version: '9.0.1'Driver info: driver.version: unknownBuild info: version: '3.8.0', revision: '924c4067df', time: '2017-11-30T11:20:39.408Z'System info: host: 'LGDN14479', ip: '192.168.188.150', os.name: 'Windows 7', os.arch: 'amd64', os.version: '6.1', java.version: '9.0.1'Driver info: driver.version: unknownat org.openqa.selenium.remote.ErrorHandler.createThrowable(ErrorHandler.java:214)at org.openqa.selenium.remote.ErrorHandler.throwIfResponseFailed(ErrorHandler.java:166)at org.openqa.selenium.remote.JsonWireProtocolResponse.lambda$new$0(JsonWireProtocolResponse.java:53)at org.openqa.selenium.remote.JsonWireProtocolResponse.lambda$getResponseFunction$2(JsonWireProtocolResponse.java:91)at org.openqa.selenium.remote.ProtocolHandshake.lambda$createSession$0(ProtocolHandshake.java:123)at java.util.stream.ReferencePipeline$3$1.accept(Unknown Source)at java.util.Spliterators$ArraySpliterator.tryAdvance(Unknown Source)at java.util.stream.ReferencePipeline.forEachWithCancel(Unknown Source)at java.util.stream.AbstractPipeline.copyIntoWithCancel(Unknown Source)at java.util.stream.AbstractPipeline.copyInto(Unknown Source)at java.util.stream.AbstractPipeline.wrapAndCopyInto(Unknown Source)at java.util.stream.FindOps$FindOp.evaluateSequential(Unknown Source)at java.util.stream.AbstractPipeline.evaluate(Unknown Source)at java.util.stream.ReferencePipeline.findFirst(Unknown Source)at org.openqa.selenium.remote.ProtocolHandshake.createSession(ProtocolHandshake.java:126)at org.openqa.selenium.remote.ProtocolHandshake.createSession(ProtocolHandshake.java:73)at org.openqa.selenium.remote.server.ServicedSession$Factory.apply(ServicedSession.java:232)at org.openqa.selenium.remote.server.ActiveSessionFactory.lambda$apply$11(ActiveSessionFactory.java:167)at java.util.stream.ReferencePipeline$3$1.accept(Unknown Source)at java.util.stream.ReferencePipeline$3$1.accept(Unknown Source)at java.util.stream.ReferencePipeline$11$1.accept(Unknown Source)at java.util.stream.ReferencePipeline$2$1.accept(Unknown Source)at java.util.Spliterators$ArraySpliterator.tryAdvance(Unknown Source)at java.util.stream.ReferencePipeline.forEachWithCancel(Unknown Source)at java.util.stream.AbstractPipeline.copyIntoWithCancel(Unknown Source)at java.util.stream.AbstractPipeline.copyInto(Unknown Source)at java.util.stream.AbstractPipeline.wrapAndCopyInto(Unknown Source)at java.util.stream.FindOps$FindOp.evaluateSequential(Unknown Source)at java.util.stream.AbstractPipeline.evaluate(Unknown Source)at java.util.stream.ReferencePipeline.findFirst(Unknown Source)at org.openqa.selenium.remote.server.ActiveSessionFactory.apply(ActiveSessionFactory.java:170)at org.openqa.selenium.remote.server.NewSessionPipeline.lambda$null$1(NewSessionPipeline.java:44)at java.util.stream.ReferencePipeline$3$1.accept(Unknown Source)at java.util.Collections$2.tryAdvance(Unknown Source)at java.util.stream.ReferencePipeline.forEachWithCancel(Unknown Source)at java.util.stream.AbstractPipeline.copyIntoWithCancel(Unknown Source)at java.util.stream.AbstractPipeline.copyInto(Unknown Source)at java.util.stream.AbstractPipeline.wrapAndCopyInto(Unknown Source)at java.util.stream.FindOps$FindOp.evaluateSequential(Unknown Source)at java.util.stream.AbstractPipeline.evaluate(Unknown Source)at java.util.stream.ReferencePipeline.findFirst(Unknown Source)at org.openqa.selenium.remote.server.NewSessionPipeline.lambda$createNewSession$2(NewSessionPipeline.java:47)at java.util.stream.ReferencePipeline$3$1.accept(Unknown Source)at java.util.stream.ReferencePipeline$3$1.accept(Unknown Source)at java.util.stream.ReferencePipeline$3$1.accept(Unknown Source)at java.util.stream.DistinctOps$1$2.accept(Unknown Source)at java.util.stream.ReferencePipeline$2$1.accept(Unknown Source)at java.util.stream.ReferencePipeline$3$1.accept(Unknown Source)at java.util.stream.ReferencePipeline$2$1.accept(Unknown Source)at java.util.stream.Streams$StreamBuilderImpl.tryAdvance(Unknown Source)at java.util.stream.Streams$ConcatSpliterator.tryAdvance(Unknown Source)at java.util.stream.ReferencePipeline.forEachWithCancel(Unknown Source)at java.util.stream.AbstractPipeline.copyIntoWithCancel(Unknown Source)at java.util.stream.AbstractPipeline.copyInto(Unknown Source)at java.util.stream.AbstractPipeline.wrapAndCopyInto(Unknown Source)at java.util.stream.FindOps$FindOp.evaluateSequential(Unknown Source)at java.util.stream.AbstractPipeline.evaluate(Unknown Source)at java.util.stream.ReferencePipeline.findFirst(Unknown Source)at org.openqa.selenium.remote.server.NewSessionPipeline.createNewSession(NewSessionPipeline.java:50)at org.openqa.selenium.remote.server.commandhandler.BeginSession.execute(BeginSession.java:77)at org.openqa.selenium.remote.server.WebDriverServlet.lambda$handle$0(WebDriverServlet.java:240)at java.util.concurrent.Executors$RunnableAdapter.call(Unknown Source)at java.util.concurrent.FutureTask.run(Unknown Source)at java.util.concurrent.ThreadPoolExecutor.runWorker(Unknown Source)at java.util.concurrent.ThreadPoolExecutor$Worker.run(Unknown Source)at java.lang.Thread.run(Unknown Source)... Removed 36 stack frames]]>
    </failure>
  </testcase> <!-- @BeforeMethod beforeMethod -->
  <testcase classname="test_case.TC_JOOMLA_ARTICLE_001_Verify_user_can_create_new_article_with_valid_information" name="@AfterMethod afterMethod" time="0.0">
    <skipped/>
  </testcase> <!-- @AfterMethod afterMethod -->
  <testcase classname="test_case.TC_JOOMLA_ARTICLE_001_Verify_user_can_create_new_article_with_valid_information" name="login" time="0.0">
    <skipped/>
  </testcase> <!-- login -->
</testsuite> <!-- TestChrome -->
